\BOOKMARK [0][-]{chapter.1}{Introduction}{}% 1
\BOOKMARK [1][-]{section.1.1}{Data mining for music}{chapter.1}% 2
\BOOKMARK [1][-]{section.1.2}{CNSMDP and TICEL Project}{chapter.1}% 3
\BOOKMARK [1][-]{section.1.3}{The SOL database}{chapter.1}% 4
\BOOKMARK [1][-]{section.1.4}{Human interpretation and timber}{chapter.1}% 5
\BOOKMARK [2][-]{subsection.1.4.1}{The mechanics of hearing}{section.1.4}% 6
\BOOKMARK [2][-]{subsection.1.4.2}{The psychology of hearing}{section.1.4}% 7
\BOOKMARK [1][-]{section.1.5}{What do we know about timbre ?}{chapter.1}% 8
\BOOKMARK [1][-]{section.1.6}{Defining the problem}{chapter.1}% 9
\BOOKMARK [2][-]{subsection.1.6.1}{Ranking against the instrument class and the playing technique}{section.1.6}% 10
\BOOKMARK [2][-]{subsection.1.6.2}{Acoustical description against perceptual judgments}{section.1.6}% 11
\BOOKMARK [1][-]{section.1.7}{Solving the problem}{chapter.1}% 12
\BOOKMARK [1][-]{section.1.8}{The ranking metrics}{chapter.1}% 13
\BOOKMARK [2][-]{subsection.1.8.1}{Computing the distances}{section.1.8}% 14
\BOOKMARK [2][-]{subsection.1.8.2}{The mean average precision}{section.1.8}% 15
\BOOKMARK [2][-]{subsection.1.8.3}{The precision at k}{section.1.8}% 16
\BOOKMARK [0][-]{chapter.2}{Ranking against the instrument class and the playing technique}{}% 17
\BOOKMARK [1][-]{section.2.1}{Clustering the samples}{chapter.2}% 18
\BOOKMARK [1][-]{section.2.2}{Experimental procedure}{chapter.2}% 19
\BOOKMARK [1][-]{section.2.3}{Feature extraction}{chapter.2}% 20
\BOOKMARK [2][-]{subsection.2.3.1}{Mel Frequency Cepstral Coefficients MFCC}{section.2.3}% 21
\BOOKMARK [2][-]{subsection.2.3.2}{The Scattering transform}{section.2.3}% 22
\BOOKMARK [0][-]{chapter.3}{Optimizing an acoustical representation against perceptual judgments}{}% 23
\BOOKMARK [1][-]{section.3.1}{Introduction}{chapter.3}% 24
\BOOKMARK [1][-]{section.3.2}{Metric learning}{chapter.3}% 25
\BOOKMARK [2][-]{subsection.3.2.1}{K-NN vs search query}{section.3.2}% 26
\BOOKMARK [2][-]{subsection.3.2.2}{Large Margin Nearest Neighbors}{section.3.2}% 27
\BOOKMARK [2][-]{subsection.3.2.3}{LMNN applied to optimize the acoustical description against physical labels}{section.3.2}% 28
\BOOKMARK [2][-]{subsection.3.2.4}{LMNN applied to optimize the acoustical description against perceptual judgments}{section.3.2}% 29
\BOOKMARK [1][-]{section.3.3}{Conclusion}{chapter.3}% 30
